//
// Created by nigo on 2020/12/28.
//

#include "FileStream.h"

//获取int型选项
int FileStream::GetChoiceInt(int min, int max, const string& init_prompt, const string& wrg_prompt) {
  int choice;
  cout << init_prompt << flush;
  while (!(cin >> choice) || choice < min || choice > max) {
    cin.clear();
	while (getchar() != '\n');
	cout << wrg_prompt << flush;
  }
  while (getchar() != '\n');
  return choice;
}

string FileStream::GetFilename(const char *prompt) {
	static char *line_read = NULL;
	if (line_read)
	{
	  free (line_read);
	  line_read = (char *)NULL;
	}
	return line_read = readline(prompt);
//	string s;
//	printf("%s", prompt);
//	getline(cin, s);
//	return s;
}
//统计is中字符频率，存入w
void FileStream::AnalyseFrequency(istream &is, map<unsigned char, unsigned long> &w,
								  int &num) {
  unsigned char ch;
  num = 0;
  //对于一字节，无符号255即有符号-1
  while ((ch = is.get()) != 255) {
	w[ch]++;
	num++;
  }
}

//重新对ifs中字符编码，并存入ofs
//num:字符总数
//leaf_num:叶子节点个数
void FileStream::EncodeAndWrite(istream &is, ostream &os, map<unsigned char, string> &hcodes,
								map<unsigned char, unsigned long> &w,
								unsigned long num, unsigned long leaf_num) {
  //必须先将eofbit置位
  is.clear();
  is.seekg(0L, istream::beg);
  unsigned char ch;
  //写入num、leaf_num
  os.write((char*)&num, sizeof num);
  os.write((char*)&leaf_num, sizeof leaf_num);
  //写入w，以便重建w
  //从而重建HuffmanTree
  auto j = w.begin();
  for (int i = 0; i < leaf_num; i++) {
	os.write((char*)&(j->first), sizeof j->first);
	os.write((char*)&(j->second), sizeof j->second);
	j++;
  }
  //写入HuffmanCode
  while ((ch = is.get()) != 255) {
    for (auto &i : hcodes[ch])
      WriteByBit(os, i, false);
  }
  //写完刷新缓冲区
  WriteByBit(os, 'f', true);
}

//将string中内容按位写入os（通过缓冲区实现）
void FileStream::WriteByBit(ostream &os, unsigned char ch, bool is_flush) {
  static unsigned long count = 0;
  static unsigned char buffer = 0;
  static vector<unsigned char> bitset = GetBitSet();
  //不是刷新操作则将字符写入buffer
  //buffer满时写入
  //刷新操作直接写入并清空buffer
  if (is_flush == false) {
	if (ch == '1')
	  buffer |= bitset[count];
	count++;

	if (count == 8) {
	  os.write((char *)&buffer, sizeof buffer);
	  count = 0;
	  buffer = 0;
	}
  } else {
	os.write((char *)&buffer, sizeof buffer);
	count = 0;
	buffer = 0;
  }
}

//将is中内容按位读入
//返回读到的位
int FileStream::ReadByBit(istream &is) {
  static unsigned long count = 8;
  static unsigned char buffer;
  static vector<unsigned char> bitset = GetBitSet();
  int ret;

  //读满8字节，继续从文件读1字节到缓冲区
  if (count == 8) {
	is.read((char *)&buffer, sizeof buffer);
	count = 0;
  }
  ret = (bitset[count] & buffer);
  count++;
  return ret;
}

//读取Huf文件头
void FileStream::ReadHufHead(istream &is, map<unsigned char, unsigned long> &w,
							 unsigned long &num, unsigned long &leaf_num) {
  is.read((char*)&num, sizeof num);
  is.read((char*)&leaf_num, sizeof leaf_num);
  unsigned char ch;
  unsigned long weight;
  for (unsigned long i = 1; i <= leaf_num; i++) {
	is.read((char*)&ch, sizeof ch);
	is.read((char*)&weight, sizeof weight);
	w[ch] = weight;
  }
}

//获取文件大小
size_t FileStream::GetFileSize(const string &filename) {
  std::ifstream in(filename);
  in.seekg(0, ifstream::end);
  size_t size = in.tellg();
  in.close();
  return size;
}

//解码并写入
void FileStream::DecodeAndWrite(istream &is, ostream &os, const vector<HuffmanTree::HTNode> &htree,
								unsigned long num, unsigned long leaf_num) {
  unsigned long p;
  //只解码num个字符
  for (unsigned long i = 1; i <= num; ++i) {
    //根结点
    p = 2 * leaf_num - 1;
    while (htree[p].lchild) {
      if (ReadByBit(is) == 0)
        p = htree[p].lchild;
      else
        p = htree[p].rchild;
    }
	os.write((char*)&(htree[p].ch), sizeof htree[p].ch);
  }
}

//获取位集合
vector<unsigned char> FileStream::GetBitSet() {
  vector<unsigned char> bitset(8);
  for (int i = 0; i < 8; i++) {
    bitset[i] = (1 << 7-i);
  }
  return bitset;
}
//
// Created by nigo on 2020/12/28.
//

#include "FileStream.h"

//获取int型选项
int FileStream::GetChoiceInt(int min, int max, const string& init_prompt, const string& wrg_prompt) {
  int choice;
  cout << init_prompt << flush;
  while (!(cin >> choice) || choice < min || choice > max) {
    cin.clear();
	while (getchar() != '\n');
	cout << wrg_prompt << flush;
  }
  while (getchar() != '\n');
  return choice;
}

string FileStream::GetFilename(const char *prompt) {
	static char *line_read = NULL;
	if (line_read)
	{
	  free (line_read);
	  line_read = (char *)NULL;
	}
	return line_read = readline(prompt);
//	string s;
//	printf("%s", prompt);
//	getline(cin, s);
//	return s;
}
//统计is中字符频率，存入w
void FileStream::AnalyseFrequency(istream &is, map<unsigned char, unsigned long> &w,
								  int &num) {
  unsigned char ch;
  num = 0;
  //对于一字节，无符号255即有符号-1
  while ((ch = is.get()) != 255) {
	w[ch]++;
	num++;
  }
}

//重新对ifs中字符编码，并存入ofs
//num:字符总数
//leaf_num:叶子节点个数
void FileStream::EncodeAndWrite(istream &is, ostream &os, map<unsigned char, string> &hcodes,
								map<unsigned char, unsigned long> &w,
								unsigned long num, unsigned long leaf_num) {
  //必须先将eofbit置位
  is.clear();
  is.seekg(0L, istream::beg);
  unsigned char ch;
  //写入num、leaf_num
  os.write((char*)&num, sizeof num);
  os.write((char*)&leaf_num, sizeof leaf_num);
  //写入w，以便重建w
  //从而重建HuffmanTree
  auto j = w.begin();
  for (int i = 0; i < leaf_num; i++) {
	os.write((char*)&(j->first), sizeof j->first);
	os.write((char*)&(j->second), sizeof j->second);
	j++;
  }
  //写入HuffmanCode
  while ((ch = is.get()) != 255) {
    for (auto &i : hcodes[ch])
      WriteByBit(os, i, false);
  }
  //写完刷新缓冲区
  WriteByBit(os, 'f', true);
}

//将string中内容按位写入os（通过缓冲区实现）
void FileStream::WriteByBit(ostream &os, unsigned char ch, bool is_flush) {
  static unsigned long count = 0;
  static unsigned char buffer = 0;
  static vector<unsigned char> bitset = GetBitSet();
  //不是刷新操作则将字符写入buffer
  //buffer满时写入
  //刷新操作直接写入并清空buffer
  if (is_flush == false) {
	if (ch == '1')
	  buffer |= bitset[count];
	count++;

	if (count == 8) {
	  os.write((char *)&buffer, sizeof buffer);
	  count = 0;
	  buffer = 0;
	}
  } else {
	os.write((char *)&buffer, sizeof buffer);
	count = 0;
	buffer = 0;
  }
}

//将is中内容按位读入
//返回读到的位
int FileStream::ReadByBit(istream &is) {
  static unsigned long count = 8;
  static unsigned char buffer;
  static vector<unsigned char> bitset = GetBitSet();
  int ret;

  //读满8字节，继续从文件读1字节到缓冲区
  if (count == 8) {
	is.read((char *)&buffer, sizeof buffer);
	count = 0;
  }
  ret = (bitset[count] & buffer);
  count++;
  return ret;
}

//读取Huf文件头
void FileStream::ReadHufHead(istream &is, map<unsigned char, unsigned long> &w,
							 unsigned long &num, unsigned long &leaf_num) {
  is.read((char*)&num, sizeof num);
  is.read((char*)&leaf_num, sizeof leaf_num);
  unsigned char ch;
  unsigned long weight;
  for (unsigned long i = 1; i <= leaf_num; i++) {
	is.read((char*)&ch, sizeof ch);
	is.read((char*)&weight, sizeof weight);
	w[ch] = weight;
  }
}

//获取文件大小
size_t FileStream::GetFileSize(const string &filename) {
  std::ifstream in(filename);
  in.seekg(0, ifstream::end);
  size_t size = in.tellg();
  in.close();
  return size;
}

//解码并写入
void FileStream::DecodeAndWrite(istream &is, ostream &os, const vector<HuffmanTree::HTNode> &htree,
								unsigned long num, unsigned long leaf_num) {
  unsigned long p;
  //只解码num个字符
  for (unsigned long i = 1; i <= num; ++i) {
    //根结点
    p = 2 * leaf_num - 1;
    while (htree[p].lchild) {
      if (ReadByBit(is) == 0)
        p = htree[p].lchild;
      else
        p = htree[p].rchild;
    }
	os.write((char*)&(htree[p].ch), sizeof htree[p].ch);
  }
}

//获取位集合
vector<unsigned char> FileStream::GetBitSet() {
  vector<unsigned char> bitset(8);
  for (int i = 0; i < 8; i++) {
    bitset[i] = (1 << 7-i);
  }
  return bitset;
}
//
// Created by nigo on 2020/12/28.
//

#include "FileStream.h"

//获取int型选项
int FileStream::GetChoiceInt(int min, int max, const string& init_prompt, const string& wrg_prompt) {
  int choice;
  cout << init_prompt << flush;
  while (!(cin >> choice) || choice < min || choice > max) {
    cin.clear();
	while (getchar() != '\n');
	cout << wrg_prompt << flush;
  }
  while (getchar() != '\n');
  return choice;
}

string FileStream::GetFilename(const char *prompt) {
	static char *line_read = NULL;
	if (line_read)
	{
	  free (line_read);
	  line_read = (char *)NULL;
	}
	return line_read = readline(prompt);
//	string s;
//	printf("%s", prompt);
//	getline(cin, s);
//	return s;
}
//统计is中字符频率，存入w
void FileStream::AnalyseFrequency(istream &is, map<unsigned char, unsigned long> &w,
								  int &num) {
  unsigned char ch;
  num = 0;
  //对于一字节，无符号255即有符号-1
  while ((ch = is.get()) != 255) {
	w[ch]++;
	num++;
  }
}

//重新对ifs中字符编码，并存入ofs
//num:字符总数
//leaf_num:叶子节点个数
void FileStream::EncodeAndWrite(istream &is, ostream &os, map<unsigned char, string> &hcodes,
								map<unsigned char, unsigned long> &w,
								unsigned long num, unsigned long leaf_num) {
  //必须先将eofbit置位
  is.clear();
  is.seekg(0L, istream::beg);
  unsigned char ch;
  //写入num、leaf_num
  os.write((char*)&num, sizeof num);
  os.write((char*)&leaf_num, sizeof leaf_num);
  //写入w，以便重建w
  //从而重建HuffmanTree
  auto j = w.begin();
  for (int i = 0; i < leaf_num; i++) {
	os.write((char*)&(j->first), sizeof j->first);
	os.write((char*)&(j->second), sizeof j->second);
	j++;
  }
  //写入HuffmanCode
  while ((ch = is.get()) != 255) {
    for (auto &i : hcodes[ch])
      WriteByBit(os, i, false);
  }
  //写完刷新缓冲区
  WriteByBit(os, 'f', true);
}

//将string中内容按位写入os（通过缓冲区实现）
void FileStream::WriteByBit(ostream &os, unsigned char ch, bool is_flush) {
  static unsigned long count = 0;
  static unsigned char buffer = 0;
  static vector<unsigned char> bitset = GetBitSet();
  //不是刷新操作则将字符写入buffer
  //buffer满时写入
  //刷新操作直接写入并清空buffer
  if (is_flush == false) {
	if (ch == '1')
	  buffer |= bitset[count];
	count++;

	if (count == 8) {
	  os.write((char *)&buffer, sizeof buffer);
	  count = 0;
	  buffer = 0;
	}
  } else {
	os.write((char *)&buffer, sizeof buffer);
	count = 0;
	buffer = 0;
  }
}

//将is中内容按位读入
//返回读到的位
int FileStream::ReadByBit(istream &is) {
  static unsigned long count = 8;
  static unsigned char buffer;
  static vector<unsigned char> bitset = GetBitSet();
  int ret;

  //读满8字节，继续从文件读1字节到缓冲区
  if (count == 8) {
	is.read((char *)&buffer, sizeof buffer);
	count = 0;
  }
  ret = (bitset[count] & buffer);
  count++;
  return ret;
}

//读取Huf文件头
void FileStream::ReadHufHead(istream &is, map<unsigned char, unsigned long> &w,
							 unsigned long &num, unsigned long &leaf_num) {
  is.read((char*)&num, sizeof num);
  is.read((char*)&leaf_num, sizeof leaf_num);
  unsigned char ch;
  unsigned long weight;
  for (unsigned long i = 1; i <= leaf_num; i++) {
	is.read((char*)&ch, sizeof ch);
	is.read((char*)&weight, sizeof weight);
	w[ch] = weight;
  }
}

//获取文件大小
size_t FileStream::GetFileSize(const string &filename) {
  std::ifstream in(filename);
  in.seekg(0, ifstream::end);
  size_t size = in.tellg();
  in.close();
  return size;
}

//解码并写入
void FileStream::DecodeAndWrite(istream &is, ostream &os, const vector<HuffmanTree::HTNode> &htree,
								unsigned long num, unsigned long leaf_num) {
  unsigned long p;
  //只解码num个字符
  for (unsigned long i = 1; i <= num; ++i) {
    //根结点
    p = 2 * leaf_num - 1;
    while (htree[p].lchild) {
      if (ReadByBit(is) == 0)
        p = htree[p].lchild;
      else
        p = htree[p].rchild;
    }
	os.write((char*)&(htree[p].ch), sizeof htree[p].ch);
  }
}

//获取位集合
vector<unsigned char> FileStream::GetBitSet() {
  vector<unsigned char> bitset(8);
  for (int i = 0; i < 8; i++) {
    bitset[i] = (1 << 7-i);
  }
  return bitset;
}
//
// Created by nigo on 2020/12/28.
//

#include "FileStream.h"

//获取int型选项
int FileStream::GetChoiceInt(int min, int max, const string& init_prompt, const string& wrg_prompt) {
  int choice;
  cout << init_prompt << flush;
  while (!(cin >> choice) || choice < min || choice > max) {
    cin.clear();
	while (getchar() != '\n');
	cout << wrg_prompt << flush;
  }
  while (getchar() != '\n');
  return choice;
}

string FileStream::GetFilename(const char *prompt) {
	static char *line_read = NULL;
	if (line_read)
	{
	  free (line_read);
	  line_read = (char *)NULL;
	}
	return line_read = readline(prompt);
//	string s;
//	printf("%s", prompt);
//	getline(cin, s);
//	return s;
}
//统计is中字符频率，存入w
void FileStream::AnalyseFrequency(istream &is, map<unsigned char, unsigned long> &w,
								  int &num) {
  unsigned char ch;
  num = 0;
  //对于一字节，无符号255即有符号-1
  while ((ch = is.get()) != 255) {
	w[ch]++;
	num++;
  }
}

//重新对ifs中字符编码，并存入ofs
//num:字符总数
//leaf_num:叶子节点个数
void FileStream::EncodeAndWrite(istream &is, ostream &os, map<unsigned char, string> &hcodes,
								map<unsigned char, unsigned long> &w,
								unsigned long num, unsigned long leaf_num) {
  //必须先将eofbit置位
  is.clear();
  is.seekg(0L, istream::beg);
  unsigned char ch;
  //写入num、leaf_num
  os.write((char*)&num, sizeof num);
  os.write((char*)&leaf_num, sizeof leaf_num);
  //写入w，以便重建w
  //从而重建HuffmanTree
  auto j = w.begin();
  for (int i = 0; i < leaf_num; i++) {
	os.write((char*)&(j->first), sizeof j->first);
	os.write((char*)&(j->second), sizeof j->second);
	j++;
  }
  //写入HuffmanCode
  while ((ch = is.get()) != 255) {
    for (auto &i : hcodes[ch])
      WriteByBit(os, i, false);
  }
  //写完刷新缓冲区
  WriteByBit(os, 'f', true);
}

//将string中内容按位写入os（通过缓冲区实现）
void FileStream::WriteByBit(ostream &os, unsigned char ch, bool is_flush) {
  static unsigned long count = 0;
  static unsigned char buffer = 0;
  static vector<unsigned char> bitset = GetBitSet();
  //不是刷新操作则将字符写入buffer
  //buffer满时写入
  //刷新操作直接写入并清空buffer
  if (is_flush == false) {
	if (ch == '1')
	  buffer |= bitset[count];
	count++;

	if (count == 8) {
	  os.write((char *)&buffer, sizeof buffer);
	  count = 0;
	  buffer = 0;
	}
  } else {
	os.write((char *)&buffer, sizeof buffer);
	count = 0;
	buffer = 0;
  }
}

//将is中内容按位读入
//返回读到的位
int FileStream::ReadByBit(istream &is) {
  static unsigned long count = 8;
  static unsigned char buffer;
  static vector<unsigned char> bitset = GetBitSet();
  int ret;

  //读满8字节，继续从文件读1字节到缓冲区
  if (count == 8) {
	is.read((char *)&buffer, sizeof buffer);
	count = 0;
  }
  ret = (bitset[count] & buffer);
  count++;
  return ret;
}

//读取Huf文件头
void FileStream::ReadHufHead(istream &is, map<unsigned char, unsigned long> &w,
							 unsigned long &num, unsigned long &leaf_num) {
  is.read((char*)&num, sizeof num);
  is.read((char*)&leaf_num, sizeof leaf_num);
  unsigned char ch;
  unsigned long weight;
  for (unsigned long i = 1; i <= leaf_num; i++) {
	is.read((char*)&ch, sizeof ch);
	is.read((char*)&weight, sizeof weight);
	w[ch] = weight;
  }
}

//获取文件大小
size_t FileStream::GetFileSize(const string &filename) {
  std::ifstream in(filename);
  in.seekg(0, ifstream::end);
  size_t size = in.tellg();
  in.close();
  return size;
}

//解码并写入
void FileStream::DecodeAndWrite(istream &is, ostream &os, const vector<HuffmanTree::HTNode> &htree,
								unsigned long num, unsigned long leaf_num) {
  unsigned long p;
  //只解码num个字符
  for (unsigned long i = 1; i <= num; ++i) {
    //根结点
    p = 2 * leaf_num - 1;
    while (htree[p].lchild) {
      if (ReadByBit(is) == 0)
        p = htree[p].lchild;
      else
        p = htree[p].rchild;
    }
	os.write((char*)&(htree[p].ch), sizeof htree[p].ch);
  }
}

//获取位集合
vector<unsigned char> FileStream::GetBitSet() {
  vector<unsigned char> bitset(8);
  for (int i = 0; i < 8; i++) {
    bitset[i] = (1 << 7-i);
  }
  return bitset;
}
//
// Created by nigo on 2020/12/28.
//

#include "FileStream.h"

//获取int型选项
int FileStream::GetChoiceInt(int min, int max, const string& init_prompt, const string& wrg_prompt) {
  int choice;
  cout << init_prompt << flush;
  while (!(cin >> choice) || choice < min || choice > max) {
    cin.clear();
	while (getchar() != '\n');
	cout << wrg_prompt << flush;
  }
  while (getchar() != '\n');
  return choice;
}

string FileStream::GetFilename(const char *prompt) {
	static char *line_read = NULL;
	if (line_read)
	{
	  free (line_read);
	  line_read = (char *)NULL;
	}
	return line_read = readline(prompt);
//	string s;
//	printf("%s", prompt);
//	getline(cin, s);
//	return s;
}
//统计is中字符频率，存入w
void FileStream::AnalyseFrequency(istream &is, map<unsigned char, unsigned long> &w,
								  int &num) {
  unsigned char ch;
  num = 0;
  //对于一字节，无符号255即有符号-1
  while ((ch = is.get()) != 255) {
	w[ch]++;
	num++;
  }
}

//重新对ifs中字符编码，并存入ofs
//num:字符总数
//leaf_num:叶子节点个数
void FileStream::EncodeAndWrite(istream &is, ostream &os, map<unsigned char, string> &hcodes,
								map<unsigned char, unsigned long> &w,
								unsigned long num, unsigned long leaf_num) {
  //必须先将eofbit置位
  is.clear();
  is.seekg(0L, istream::beg);
  unsigned char ch;
  //写入num、leaf_num
  os.write((char*)&num, sizeof num);
  os.write((char*)&leaf_num, sizeof leaf_num);
  //写入w，以便重建w
  //从而重建HuffmanTree
  auto j = w.begin();
  for (int i = 0; i < leaf_num; i++) {
	os.write((char*)&(j->first), sizeof j->first);
	os.write((char*)&(j->second), sizeof j->second);
	j++;
  }
  //写入HuffmanCode
  while ((ch = is.get()) != 255) {
    for (auto &i : hcodes[ch])
      WriteByBit(os, i, false);
  }
  //写完刷新缓冲区
  WriteByBit(os, 'f', true);
}

//将string中内容按位写入os（通过缓冲区实现）
void FileStream::WriteByBit(ostream &os, unsigned char ch, bool is_flush) {
  static unsigned long count = 0;
  static unsigned char buffer = 0;
  static vector<unsigned char> bitset = GetBitSet();
  //不是刷新操作则将字符写入buffer
  //buffer满时写入
  //刷新操作直接写入并清空buffer
  if (is_flush == false) {
	if (ch == '1')
	  buffer |= bitset[count];
	count++;

	if (count == 8) {
	  os.write((char *)&buffer, sizeof buffer);
	  count = 0;
	  buffer = 0;
	}
  } else {
	os.write((char *)&buffer, sizeof buffer);
	count = 0;
	buffer = 0;
  }
}

//将is中内容按位读入
//返回读到的位
int FileStream::ReadByBit(istream &is) {
  static unsigned long count = 8;
  static unsigned char buffer;
  static vector<unsigned char> bitset = GetBitSet();
  int ret;

  //读满8字节，继续从文件读1字节到缓冲区
  if (count == 8) {
	is.read((char *)&buffer, sizeof buffer);
	count = 0;
  }
  ret = (bitset[count] & buffer);
  count++;
  return ret;
}

//读取Huf文件头
void FileStream::ReadHufHead(istream &is, map<unsigned char, unsigned long> &w,
							 unsigned long &num, unsigned long &leaf_num) {
  is.read((char*)&num, sizeof num);
  is.read((char*)&leaf_num, sizeof leaf_num);
  unsigned char ch;
  unsigned long weight;
  for (unsigned long i = 1; i <= leaf_num; i++) {
	is.read((char*)&ch, sizeof ch);
	is.read((char*)&weight, sizeof weight);
	w[ch] = weight;
  }
}

//获取文件大小
size_t FileStream::GetFileSize(const string &filename) {
  std::ifstream in(filename);
  in.seekg(0, ifstream::end);
  size_t size = in.tellg();
  in.close();
  return size;
}

//解码并写入
void FileStream::DecodeAndWrite(istream &is, ostream &os, const vector<HuffmanTree::HTNode> &htree,
								unsigned long num, unsigned long leaf_num) {
  unsigned long p;
  //只解码num个字符
  for (unsigned long i = 1; i <= num; ++i) {
    //根结点
    p = 2 * leaf_num - 1;
    while (htree[p].lchild) {
      if (ReadByBit(is) == 0)
        p = htree[p].lchild;
      else
        p = htree[p].rchild;
    }
	os.write((char*)&(htree[p].ch), sizeof htree[p].ch);
  }
}

//获取位集合
vector<unsigned char> FileStream::GetBitSet() {
  vector<unsigned char> bitset(8);
  for (int i = 0; i < 8; i++) {
    bitset[i] = (1 << 7-i);
  }
  return bitset;
}
//
// Created by nigo on 2020/12/28.
//

#include "FileStream.h"

//获取int型选项
int FileStream::GetChoiceInt(int min, int max, const string& init_prompt, const string& wrg_prompt) {
  int choice;
  cout << init_prompt << flush;
  while (!(cin >> choice) || choice < min || choice > max) {
    cin.clear();
	while (getchar() != '\n');
	cout << wrg_prompt << flush;
  }
  while (getchar() != '\n');
  return choice;
}

string FileStream::GetFilename(const char *prompt) {
	static char *line_read = NULL;
	if (line_read)
	{
	  free (line_read);
	  line_read = (char *)NULL;
	}
	return line_read = readline(prompt);
//	string s;
//	printf("%s", prompt);
//	getline(cin, s);
//	return s;
}
//统计is中字符频率，存入w
void FileStream::AnalyseFrequency(istream &is, map<unsigned char, unsigned long> &w,
								  int &num) {
  unsigned char ch;
  num = 0;
  //对于一字节，无符号255即有符号-1
  while ((ch = is.get()) != 255) {
	w[ch]++;
	num++;
  }
}

//重新对ifs中字符编码，并存入ofs
//num:字符总数
//leaf_num:叶子节点个数
void FileStream::EncodeAndWrite(istream &is, ostream &os, map<unsigned char, string> &hcodes,
								map<unsigned char, unsigned long> &w,
								unsigned long num, unsigned long leaf_num) {
  //必须先将eofbit置位
  is.clear();
  is.seekg(0L, istream::beg);
  unsigned char ch;
  //写入num、leaf_num
  os.write((char*)&num, sizeof num);
  os.write((char*)&leaf_num, sizeof leaf_num);
  //写入w，以便重建w
  //从而重建HuffmanTree
  auto j = w.begin();
  for (int i = 0; i < leaf_num; i++) {
	os.write((char*)&(j->first), sizeof j->first);
	os.write((char*)&(j->second), sizeof j->second);
	j++;
  }
  //写入HuffmanCode
  while ((ch = is.get()) != 255) {
    for (auto &i : hcodes[ch])
      WriteByBit(os, i, false);
  }
  //写完刷新缓冲区
  WriteByBit(os, 'f', true);
}

//将string中内容按位写入os（通过缓冲区实现）
void FileStream::WriteByBit(ostream &os, unsigned char ch, bool is_flush) {
  static unsigned long count = 0;
  static unsigned char buffer = 0;
  static vector<unsigned char> bitset = GetBitSet();
  //不是刷新操作则将字符写入buffer
  //buffer满时写入
  //刷新操作直接写入并清空buffer
  if (is_flush == false) {
	if (ch == '1')
	  buffer |= bitset[count];
	count++;

	if (count == 8) {
	  os.write((char *)&buffer, sizeof buffer);
	  count = 0;
	  buffer = 0;
	}
  } else {
	os.write((char *)&buffer, sizeof buffer);
	count = 0;
	buffer = 0;
  }
}

//将is中内容按位读入
//返回读到的位
int FileStream::ReadByBit(istream &is) {
  static unsigned long count = 8;
  static unsigned char buffer;
  static vector<unsigned char> bitset = GetBitSet();
  int ret;

  //读满8字节，继续从文件读1字节到缓冲区
  if (count == 8) {
	is.read((char *)&buffer, sizeof buffer);
	count = 0;
  }
  ret = (bitset[count] & buffer);
  count++;
  return ret;
}

//读取Huf文件头
void FileStream::ReadHufHead(istream &is, map<unsigned char, unsigned long> &w,
							 unsigned long &num, unsigned long &leaf_num) {
  is.read((char*)&num, sizeof num);
  is.read((char*)&leaf_num, sizeof leaf_num);
  unsigned char ch;
  unsigned long weight;
  for (unsigned long i = 1; i <= leaf_num; i++) {
	is.read((char*)&ch, sizeof ch);
	is.read((char*)&weight, sizeof weight);
	w[ch] = weight;
  }
}

//获取文件大小
size_t FileStream::GetFileSize(const string &filename) {
  std::ifstream in(filename);
  in.seekg(0, ifstream::end);
  size_t size = in.tellg();
  in.close();
  return size;
}

//解码并写入
void FileStream::DecodeAndWrite(istream &is, ostream &os, const vector<HuffmanTree::HTNode> &htree,
								unsigned long num, unsigned long leaf_num) {
  unsigned long p;
  //只解码num个字符
  for (unsigned long i = 1; i <= num; ++i) {
    //根结点
    p = 2 * leaf_num - 1;
    while (htree[p].lchild) {
      if (ReadByBit(is) == 0)
        p = htree[p].lchild;
      else
        p = htree[p].rchild;
    }
	os.write((char*)&(htree[p].ch), sizeof htree[p].ch);
  }
}

//获取位集合
vector<unsigned char> FileStream::GetBitSet() {
  vector<unsigned char> bitset(8);
  for (int i = 0; i < 8; i++) {
    bitset[i] = (1 << 7-i);
  }
  return bitset;
}
//
// Created by nigo on 2020/12/28.
//

#include "FileStream.h"

//获取int型选项
int FileStream::GetChoiceInt(int min, int max, const string& init_prompt, const string& wrg_prompt) {
  int choice;
  cout << init_prompt << flush;
  while (!(cin >> choice) || choice < min || choice > max) {
    cin.clear();
	while (getchar() != '\n');
	cout << wrg_prompt << flush;
  }
  while (getchar() != '\n');
  return choice;
}

string FileStream::GetFilename(const char *prompt) {
	static char *line_read = NULL;
	if (line_read)
	{
	  free (line_read);
	  line_read = (char *)NULL;
	}
	return line_read = readline(prompt);
//	string s;
//	printf("%s", prompt);
//	getline(cin, s);
//	return s;
}
//统计is中字符频率，存入w
void FileStream::AnalyseFrequency(istream &is, map<unsigned char, unsigned long> &w,
								  int &num) {
  unsigned char ch;
  num = 0;
  //对于一字节，无符号255即有符号-1
  while ((ch = is.get()) != 255) {
	w[ch]++;
	num++;
  }
}

//重新对ifs中字符编码，并存入ofs
//num:字符总数
//leaf_num:叶子节点个数
void FileStream::EncodeAndWrite(istream &is, ostream &os, map<unsigned char, string> &hcodes,
								map<unsigned char, unsigned long> &w,
								unsigned long num, unsigned long leaf_num) {
  //必须先将eofbit置位
  is.clear();
  is.seekg(0L, istream::beg);
  unsigned char ch;
  //写入num、leaf_num
  os.write((char*)&num, sizeof num);
  os.write((char*)&leaf_num, sizeof leaf_num);
  //写入w，以便重建w
  //从而重建HuffmanTree
  auto j = w.begin();
  for (int i = 0; i < leaf_num; i++) {
	os.write((char*)&(j->first), sizeof j->first);
	os.write((char*)&(j->second), sizeof j->second);
	j++;
  }
  //写入HuffmanCode
  while ((ch = is.get()) != 255) {
    for (auto &i : hcodes[ch])
      WriteByBit(os, i, false);
  }
  //写完刷新缓冲区
  WriteByBit(os, 'f', true);
}

//将string中内容按位写入os（通过缓冲区实现）
void FileStream::WriteByBit(ostream &os, unsigned char ch, bool is_flush) {
  static unsigned long count = 0;
  static unsigned char buffer = 0;
  static vector<unsigned char> bitset = GetBitSet();
  //不是刷新操作则将字符写入buffer
  //buffer满时写入
  //刷新操作直接写入并清空buffer
  if (is_flush == false) {
	if (ch == '1')
	  buffer |= bitset[count];
	count++;

	if (count == 8) {
	  os.write((char *)&buffer, sizeof buffer);
	  count = 0;
	  buffer = 0;
	}
  } else {
	os.write((char *)&buffer, sizeof buffer);
	count = 0;
	buffer = 0;
  }
}

//将is中内容按位读入
//返回读到的位
int FileStream::ReadByBit(istream &is) {
  static unsigned long count = 8;
  static unsigned char buffer;
  static vector<unsigned char> bitset = GetBitSet();
  int ret;

  //读满8字节，继续从文件读1字节到缓冲区
  if (count == 8) {
	is.read((char *)&buffer, sizeof buffer);
	count = 0;
  }
  ret = (bitset[count] & buffer);
  count++;
  return ret;
}

//读取Huf文件头
void FileStream::ReadHufHead(istream &is, map<unsigned char, unsigned long> &w,
							 unsigned long &num, unsigned long &leaf_num) {
  is.read((char*)&num, sizeof num);
  is.read((char*)&leaf_num, sizeof leaf_num);
  unsigned char ch;
  unsigned long weight;
  for (unsigned long i = 1; i <= leaf_num; i++) {
	is.read((char*)&ch, sizeof ch);
	is.read((char*)&weight, sizeof weight);
	w[ch] = weight;
  }
}

//获取文件大小
size_t FileStream::GetFileSize(const string &filename) {
  std::ifstream in(filename);
  in.seekg(0, ifstream::end);
  size_t size = in.tellg();
  in.close();
  return size;
}

//解码并写入
void FileStream::DecodeAndWrite(istream &is, ostream &os, const vector<HuffmanTree::HTNode> &htree,
								unsigned long num, unsigned long leaf_num) {
  unsigned long p;
  //只解码num个字符
  for (unsigned long i = 1; i <= num; ++i) {
    //根结点
    p = 2 * leaf_num - 1;
    while (htree[p].lchild) {
      if (ReadByBit(is) == 0)
        p = htree[p].lchild;
      else
        p = htree[p].rchild;
    }
	os.write((char*)&(htree[p].ch), sizeof htree[p].ch);
  }
}

//获取位集合
vector<unsigned char> FileStream::GetBitSet() {
  vector<unsigned char> bitset(8);
  for (int i = 0; i < 8; i++) {
    bitset[i] = (1 << 7-i);
  }
  return bitset;
}
//
// Created by nigo on 2020/12/28.
//

#include "FileStream.h"

//获取int型选项
int FileStream::GetChoiceInt(int min, int max, const string& init_prompt, const string& wrg_prompt) {
  int choice;
  cout << init_prompt << flush;
  while (!(cin >> choice) || choice < min || choice > max) {
    cin.clear();
	while (getchar() != '\n');
	cout << wrg_prompt << flush;
  }
  while (getchar() != '\n');
  return choice;
}

string FileStream::GetFilename(const char *prompt) {
	static char *line_read = NULL;
	if (line_read)
	{
	  free (line_read);
	  line_read = (char *)NULL;
	}
	return line_read = readline(prompt);
//	string s;
//	printf("%s", prompt);
//	getline(cin, s);
//	return s;
}
//统计is中字符频率，存入w
void FileStream::AnalyseFrequency(istream &is, map<unsigned char, unsigned long> &w,
								  int &num) {
  unsigned char ch;
  num = 0;
  //对于一字节，无符号255即有符号-1
  while ((ch = is.get()) != 255) {
	w[ch]++;
	num++;
  }
}

//重新对ifs中字符编码，并存入ofs
//num:字符总数
//leaf_num:叶子节点个数
void FileStream::EncodeAndWrite(istream &is, ostream &os, map<unsigned char, string> &hcodes,
								map<unsigned char, unsigned long> &w,
								unsigned long num, unsigned long leaf_num) {
  //必须先将eofbit置位
  is.clear();
  is.seekg(0L, istream::beg);
  unsigned char ch;
  //写入num、leaf_num
  os.write((char*)&num, sizeof num);
  os.write((char*)&leaf_num, sizeof leaf_num);
  //写入w，以便重建w
  //从而重建HuffmanTree
  auto j = w.begin();
  for (int i = 0; i < leaf_num; i++) {
	os.write((char*)&(j->first), sizeof j->first);
	os.write((char*)&(j->second), sizeof j->second);
	j++;
  }
  //写入HuffmanCode
  while ((ch = is.get()) != 255) {
    for (auto &i : hcodes[ch])
      WriteByBit(os, i, false);
  }
  //写完刷新缓冲区
  WriteByBit(os, 'f', true);
}

//将string中内容按位写入os（通过缓冲区实现）
void FileStream::WriteByBit(ostream &os, unsigned char ch, bool is_flush) {
  static unsigned long count = 0;
  static unsigned char buffer = 0;
  static vector<unsigned char> bitset = GetBitSet();
  //不是刷新操作则将字符写入buffer
  //buffer满时写入
  //刷新操作直接写入并清空buffer
  if (is_flush == false) {
	if (ch == '1')
	  buffer |= bitset[count];
	count++;

	if (count == 8) {
	  os.write((char *)&buffer, sizeof buffer);
	  count = 0;
	  buffer = 0;
	}
  } else {
	os.write((char *)&buffer, sizeof buffer);
	count = 0;
	buffer = 0;
  }
}

//将is中内容按位读入
//返回读到的位
int FileStream::ReadByBit(istream &is) {
  static unsigned long count = 8;
  static unsigned char buffer;
  static vector<unsigned char> bitset = GetBitSet();
  int ret;

  //读满8字节，继续从文件读1字节到缓冲区
  if (count == 8) {
	is.read((char *)&buffer, sizeof buffer);
	count = 0;
  }
  ret = (bitset[count] & buffer);
  count++;
  return ret;
}

//读取Huf文件头
void FileStream::ReadHufHead(istream &is, map<unsigned char, unsigned long> &w,
							 unsigned long &num, unsigned long &leaf_num) {
  is.read((char*)&num, sizeof num);
  is.read((char*)&leaf_num, sizeof leaf_num);
  unsigned char ch;
  unsigned long weight;
  for (unsigned long i = 1; i <= leaf_num; i++) {
	is.read((char*)&ch, sizeof ch);
	is.read((char*)&weight, sizeof weight);
	w[ch] = weight;
  }
}

//获取文件大小
size_t FileStream::GetFileSize(const string &filename) {
  std::ifstream in(filename);
  in.seekg(0, ifstream::end);
  size_t size = in.tellg();
  in.close();
  return size;
}

//解码并写入
void FileStream::DecodeAndWrite(istream &is, ostream &os, const vector<HuffmanTree::HTNode> &htree,
								unsigned long num, unsigned long leaf_num) {
  unsigned long p;
  //只解码num个字符
  for (unsigned long i = 1; i <= num; ++i) {
    //根结点
    p = 2 * leaf_num - 1;
    while (htree[p].lchild) {
      if (ReadByBit(is) == 0)
        p = htree[p].lchild;
      else
        p = htree[p].rchild;
    }
	os.write((char*)&(htree[p].ch), sizeof htree[p].ch);
  }
}

//获取位集合
vector<unsigned char> FileStream::GetBitSet() {
  vector<unsigned char> bitset(8);
  for (int i = 0; i < 8; i++) {
    bitset[i] = (1 << 7-i);
  }
  return bitset;
}
